<?xml version="1.0" encoding="UTF-8"?>
<!-- Generated by org.testng.reporters.JUnitReportReporter -->
<testsuite hostname="DESKTOP-2PIKAKN" failures="0" tests="1" name="com.pos.testcases.CreateNewVendor" time="19.189" errors="0" timestamp="2023-10-01T21:20:35 IST" skipped="0">
  <testcase classname="com.pos.testcases.CreateNewVendor" name="runLogin" time="19.189"/>
  <system-out/>
</testsuite> <!-- com.pos.testcases.CreateNewVendor -->
