<?xml version="1.0" encoding="UTF-8"?>
<!-- Generated by org.testng.reporters.JUnitReportReporter -->
<testsuite hostname="DESKTOP-2PIKAKN" failures="0" tests="2" name="com.pos.testcases.EditCustomer" time="6.791" errors="1" timestamp="2023-10-01T20:08:20 IST" skipped="1">
  <testcase classname="com.pos.testcases.EditCustomer" name="runLogin" time="0.000">
    <skipped/>
  </testcase> <!-- runLogin -->
  <system-out/>
  <testcase classname="com.pos.testcases.EditCustomer" name="preCondition" time="6.791">
    <error type="java.lang.StackOverflowError">
      <![CDATA[java.lang.StackOverflowError
at java.base/java.lang.NullPointerException.fillInStackTrace(NullPointerException.java:91)
at java.base/java.lang.Throwable.<init>(Throwable.java:257)
at java.base/java.lang.Exception.<init>(Exception.java:55)
at java.base/java.lang.RuntimeException.<init>(RuntimeException.java:52)
at java.base/java.lang.NullPointerException.<init>(NullPointerException.java:60)
at com.framework.selenium.api.base.SeleniumBase.takeSnap(SeleniumBase.java:899)
at com.framework.utils.Reporter.reportStep(Reporter.java:89)
at com.framework.utils.Reporter.reportStep(Reporter.java:116)
at com.framework.selenium.api.base.SeleniumBase.takeSnap(SeleniumBase.java:906)
at com.framework.utils.Reporter.reportStep(Reporter.java:89)
at com.framework.utils.Reporter.reportStep(Reporter.java:116)
at com.framework.selenium.api.base.SeleniumBase.takeSnap(SeleniumBase.java:906)
at com.framework.utils.Reporter.reportStep(Reporter.java:89)
at com.framework.utils.Reporter.reportStep(Reporter.java:116)
at com.framework.selenium.api.base.SeleniumBase.takeSnap(SeleniumBase.java:906)
at com.framework.utils.Reporter.reportStep(Reporter.java:89)
at com.framework.utils.Reporter.reportStep(Reporter.java:116)
at com.framework.selenium.api.base.SeleniumBase.takeSnap(SeleniumBase.java:906)
at com.framework.utils.Reporter.reportStep(Reporter.java:89)
at com.framework.utils.Reporter.reportStep(Reporter.java:116)
at com.framework.selenium.api.base.SeleniumBase.takeSnap(SeleniumBase.java:906)
at com.framework.utils.Reporter.reportStep(Reporter.java:89)
at com.framework.utils.Reporter.reportStep(Reporter.java:116)
at com.framework.selenium.api.base.SeleniumBase.takeSnap(SeleniumBase.java:906)
at com.framework.utils.Reporter.reportStep(Reporter.java:89)
at com.framework.utils.Reporter.reportStep(Reporter.java:116)
at com.framework.selenium.api.base.SeleniumBase.takeSnap(SeleniumBase.java:906)
at com.framework.utils.Reporter.reportStep(Reporter.java:89)
at com.framework.utils.Reporter.reportStep(Reporter.java:116)
at com.framework.selenium.api.base.SeleniumBase.takeSnap(SeleniumBase.java:906)
at com.framework.utils.Reporter.reportStep(Reporter.java:89)
at com.framework.utils.Reporter.reportStep(Reporter.java:116)
at com.framework.selenium.api.base.SeleniumBase.takeSnap(SeleniumBase.java:906)
at com.framework.utils.Reporter.reportStep(Reporter.java:89)
at com.framework.utils.Reporter.reportStep(Reporter.java:116)
at com.framework.selenium.api.base.SeleniumBase.takeSnap(SeleniumBase.java:906)
at com.framework.utils.Reporter.reportStep(Reporter.java:89)
at com.framework.utils.Reporter.reportStep(Reporter.java:116)
at com.framework.selenium.api.base.SeleniumBase.takeSnap(SeleniumBase.java:906)
at com.framework.utils.Reporter.reportStep(Reporter.java:89)
at com.framework.utils.Reporter.reportStep(Reporter.java:116)
at com.framework.selenium.api.base.SeleniumBase.takeSnap(SeleniumBase.java:906)
at com.framework.utils.Reporter.reportStep(Reporter.java:89)
at com.framework.utils.Reporter.reportStep(Reporter.java:116)
at com.framework.selenium.api.base.SeleniumBase.takeSnap(SeleniumBase.java:906)
at com.framework.utils.Reporter.reportStep(Reporter.java:89)
at com.framework.utils.Reporter.reportStep(Reporter.java:116)
at com.framework.selenium.api.base.SeleniumBase.takeSnap(SeleniumBase.java:906)
at com.framework.utils.Reporter.reportStep(Reporter.java:89)
at com.framework.utils.Reporter.reportStep(Reporter.java:116)
at com.framework.selenium.api.base.SeleniumBase.takeSnap(SeleniumBase.java:906)
at com.framework.utils.Reporter.reportStep(Reporter.java:89)
at com.framework.utils.Reporter.reportStep(Reporter.java:116)
at com.framework.selenium.api.base.SeleniumBase.takeSnap(SeleniumBase.java:906)
at com.framework.utils.Reporter.reportStep(Reporter.java:89)
at com.framework.utils.Reporter.reportStep(Reporter.java:116)
at com.framework.selenium.api.base.SeleniumBase.takeSnap(SeleniumBase.java:906)
at com.framework.utils.Reporter.reportStep(Reporter.java:89)
at com.framework.utils.Reporter.reportStep(Reporter.java:116)
at com.framework.selenium.api.base.SeleniumBase.takeSnap(SeleniumBase.java:906)
at com.framework.utils.Reporter.reportStep(Reporter.java:89)
at com.framework.utils.Reporter.reportStep(Reporter.java:116)
at com.framework.selenium.api.base.SeleniumBase.takeSnap(SeleniumBase.java:906)
at com.framework.utils.Reporter.reportStep(Reporter.java:89)
at com.framework.utils.Reporter.reportStep(Reporter.java:116)
at com.framework.selenium.api.base.SeleniumBase.takeSnap(SeleniumBase.java:906)
at com.framework.utils.Reporter.reportStep(Reporter.java:89)
at com.framework.utils.Reporter.reportStep(Reporter.java:116)
at com.framework.selenium.api.base.SeleniumBase.takeSnap(SeleniumBase.java:906)
at com.framework.utils.Reporter.reportStep(Reporter.java:89)
at com.framework.utils.Reporter.reportStep(Reporter.java:116)
at com.framework.selenium.api.base.SeleniumBase.takeSnap(SeleniumBase.java:906)
at com.framework.utils.Reporter.reportStep(Reporter.java:89)
at com.framework.utils.Reporter.reportStep(Reporter.java:116)
at com.framework.selenium.api.base.SeleniumBase.takeSnap(SeleniumBase.java:906)
at com.framework.utils.Reporter.reportStep(Reporter.java:89)
at com.framework.utils.Reporter.reportStep(Reporter.java:116)
at com.framework.selenium.api.base.SeleniumBase.takeSnap(SeleniumBase.java:906)
at com.framework.utils.Reporter.reportStep(Reporter.java:89)
at com.framework.utils.Reporter.reportStep(Reporter.java:116)
at com.framework.selenium.api.base.SeleniumBase.takeSnap(SeleniumBase.java:906)
at com.framework.utils.Reporter.reportStep(Reporter.java:89)
at com.framework.utils.Reporter.reportStep(Reporter.java:116)
at com.framework.selenium.api.base.SeleniumBase.takeSnap(SeleniumBase.java:906)
at com.framework.utils.Reporter.reportStep(Reporter.java:89)
at com.framework.utils.Reporter.reportStep(Reporter.java:116)
at com.framework.selenium.api.base.SeleniumBase.takeSnap(SeleniumBase.java:906)
at com.framework.utils.Reporter.reportStep(Reporter.java:89)
at com.framework.utils.Reporter.reportStep(Reporter.java:116)
at com.framework.selenium.api.base.SeleniumBase.takeSnap(SeleniumBase.java:906)
at com.framework.utils.Reporter.reportStep(Reporter.java:89)
at com.framework.utils.Reporter.reportStep(Reporter.java:116)
at com.framework.selenium.api.base.SeleniumBase.takeSnap(SeleniumBase.java:906)
at com.framework.utils.Reporter.reportStep(Reporter.java:89)
at com.framework.utils.Reporter.reportStep(Reporter.java:116)
at com.framework.selenium.api.base.SeleniumBase.takeSnap(SeleniumBase.java:906)
at com.framework.utils.Reporter.reportStep(Reporter.java:89)
at com.framework.utils.Reporter.reportStep(Reporter.java:116)
at com.framework.selenium.api.base.SeleniumBase.takeSnap(SeleniumBase.java:906)
at com.framework.utils.Reporter.reportStep(Reporter.java:89)
at com.framework.utils.Reporter.reportStep(Reporter.java:116)
at com.framework.selenium.api.base.SeleniumBase.takeSnap(SeleniumBase.java:906)
at com.framework.utils.Reporter.reportStep(Reporter.java:89)
at com.framework.utils.Reporter.reportStep(Reporter.java:116)
at com.framework.selenium.api.base.SeleniumBase.takeSnap(SeleniumBase.java:906)
at com.framework.utils.Reporter.reportStep(Reporter.java:89)
at com.framework.utils.Reporter.reportStep(Reporter.java:116)
at com.framework.selenium.api.base.SeleniumBase.takeSnap(SeleniumBase.java:906)
at com.framework.utils.Reporter.reportStep(Reporter.java:89)
at com.framework.utils.Reporter.reportStep(Reporter.java:116)
at com.framework.selenium.api.base.SeleniumBase.takeSnap(SeleniumBase.java:906)
at com.framework.utils.Reporter.reportStep(Reporter.java:89)
at com.framework.utils.Reporter.reportStep(Reporter.java:116)
at com.framework.selenium.api.base.SeleniumBase.takeSnap(SeleniumBase.java:906)
at com.framework.utils.Reporter.reportStep(Reporter.java:89)
at com.framework.utils.Reporter.reportStep(Reporter.java:116)
at com.framework.selenium.api.base.SeleniumBase.takeSnap(SeleniumBase.java:906)
at com.framework.utils.Reporter.reportStep(Reporter.java:89)
at com.framework.utils.Reporter.reportStep(Reporter.java:116)
at com.framework.selenium.api.base.SeleniumBase.takeSnap(SeleniumBase.java:906)
at com.framework.utils.Reporter.reportStep(Reporter.java:89)
at com.framework.utils.Reporter.reportStep(Reporter.java:116)
at com.framework.selenium.api.base.SeleniumBase.takeSnap(SeleniumBase.java:906)
at com.framework.utils.Reporter.reportStep(Reporter.java:89)
at com.framework.utils.Reporter.reportStep(Reporter.java:116)
at com.framework.selenium.api.base.SeleniumBase.takeSnap(SeleniumBase.java:906)
at com.framework.utils.Reporter.reportStep(Reporter.java:89)
at com.framework.utils.Reporter.reportStep(Reporter.java:116)
at com.framework.selenium.api.base.SeleniumBase.takeSnap(SeleniumBase.java:906)
at com.framework.utils.Reporter.reportStep(Reporter.java:89)
at com.framework.utils.Reporter.reportStep(Reporter.java:116)
at com.framework.selenium.api.base.SeleniumBase.takeSnap(SeleniumBase.java:906)
at com.framework.utils.Reporter.reportStep(Reporter.java:89)
at com.framework.utils.Reporter.reportStep(Reporter.java:116)
at com.framework.selenium.api.base.SeleniumBase.takeSnap(SeleniumBase.java:906)
at com.framework.utils.Reporter.reportStep(Reporter.java:89)
at com.framework.utils.Reporter.reportStep(Reporter.java:116)
at com.framework.selenium.api.base.SeleniumBase.takeSnap(SeleniumBase.java:906)
at com.framework.utils.Reporter.reportStep(Reporter.java:89)
at com.framework.utils.Reporter.reportStep(Reporter.java:116)
at com.framework.selenium.api.base.SeleniumBase.takeSnap(SeleniumBase.java:906)
at com.framework.utils.Reporter.reportStep(Reporter.java:89)
at com.framework.utils.Reporter.reportStep(Reporter.java:116)
at com.framework.selenium.api.base.SeleniumBase.takeSnap(SeleniumBase.java:906)
at com.framework.utils.Reporter.reportStep(Reporter.java:89)
at com.framework.utils.Reporter.reportStep(Reporter.java:116)
at com.framework.selenium.api.base.SeleniumBase.takeSnap(SeleniumBase.java:906)
at com.framework.utils.Reporter.reportStep(Reporter.java:89)
at com.framework.utils.Reporter.reportStep(Reporter.java:116)
at com.framework.selenium.api.base.SeleniumBase.takeSnap(SeleniumBase.java:906)
at com.framework.utils.Reporter.reportStep(Reporter.java:89)
at com.framework.utils.Reporter.reportStep(Reporter.java:116)
at com.framework.selenium.api.base.SeleniumBase.takeSnap(SeleniumBase.java:906)
at com.framework.utils.Reporter.reportStep(Reporter.java:89)
at com.framework.utils.Reporter.reportStep(Reporter.java:116)
at com.framework.selenium.api.base.SeleniumBase.takeSnap(SeleniumBase.java:906)
at com.framework.utils.Reporter.reportStep(Reporter.java:89)
at com.framework.utils.Reporter.reportStep(Reporter.java:116)
at com.framework.selenium.api.base.SeleniumBase.takeSnap(SeleniumBase.java:906)
at com.framework.utils.Reporter.reportStep(Reporter.java:89)
at com.framework.utils.Reporter.reportStep(Reporter.java:116)
at com.framework.selenium.api.base.SeleniumBase.takeSnap(SeleniumBase.java:906)
at com.framework.utils.Reporter.reportStep(Reporter.java:89)
at com.framework.utils.Reporter.reportStep(Reporter.java:116)
at com.framework.selenium.api.base.SeleniumBase.takeSnap(SeleniumBase.java:906)
at com.framework.utils.Reporter.reportStep(Reporter.java:89)
at com.framework.utils.Reporter.reportStep(Reporter.java:116)
at com.framework.selenium.api.base.SeleniumBase.takeSnap(SeleniumBase.java:906)
at com.framework.utils.Reporter.reportStep(Reporter.java:89)
at com.framework.utils.Reporter.reportStep(Reporter.java:116)
at com.framework.selenium.api.base.SeleniumBase.takeSnap(SeleniumBase.java:906)
at com.framework.utils.Reporter.reportStep(Reporter.java:89)
at com.framework.utils.Reporter.reportStep(Reporter.java:116)
at com.framework.selenium.api.base.SeleniumBase.takeSnap(SeleniumBase.java:906)
at com.framework.utils.Reporter.reportStep(Reporter.java:89)
at com.framework.utils.Reporter.reportStep(Reporter.java:116)
at com.framework.selenium.api.base.SeleniumBase.takeSnap(SeleniumBase.java:906)
at com.framework.utils.Reporter.reportStep(Reporter.java:89)
at com.framework.utils.Reporter.reportStep(Reporter.java:116)
at com.framework.selenium.api.base.SeleniumBase.takeSnap(SeleniumBase.java:906)
at com.framework.utils.Reporter.reportStep(Reporter.java:89)
at com.framework.utils.Reporter.reportStep(Reporter.java:116)
at com.framework.selenium.api.base.SeleniumBase.takeSnap(SeleniumBase.java:906)
at com.framework.utils.Reporter.reportStep(Reporter.java:89)
at com.framework.utils.Reporter.reportStep(Reporter.java:116)
at com.framework.selenium.api.base.SeleniumBase.takeSnap(SeleniumBase.java:906)
at com.framework.utils.Reporter.reportStep(Reporter.java:89)
at com.framework.utils.Reporter.reportStep(Reporter.java:116)
at com.framework.selenium.api.base.SeleniumBase.takeSnap(SeleniumBase.java:906)
at com.framework.utils.Reporter.reportStep(Reporter.java:89)
at com.framework.utils.Reporter.reportStep(Reporter.java:116)
at com.framework.selenium.api.base.SeleniumBase.takeSnap(SeleniumBase.java:906)
at com.framework.utils.Reporter.reportStep(Reporter.java:89)
at com.framework.utils.Reporter.reportStep(Reporter.java:116)
at com.framework.selenium.api.base.SeleniumBase.takeSnap(SeleniumBase.java:906)
at com.framework.utils.Reporter.reportStep(Reporter.java:89)
at com.framework.utils.Reporter.reportStep(Reporter.java:116)
at com.framework.selenium.api.base.SeleniumBase.takeSnap(SeleniumBase.java:906)
at com.framework.utils.Reporter.reportStep(Reporter.java:89)
at com.framework.utils.Reporter.reportStep(Reporter.java:116)
at com.framework.selenium.api.base.SeleniumBase.takeSnap(SeleniumBase.java:906)
at com.framework.utils.Reporter.reportStep(Reporter.java:89)
at com.framework.utils.Reporter.reportStep(Reporter.java:116)
at com.framework.selenium.api.base.SeleniumBase.takeSnap(SeleniumBase.java:906)
at com.framework.utils.Reporter.reportStep(Reporter.java:89)
at com.framework.utils.Reporter.reportStep(Reporter.java:116)
at com.framework.selenium.api.base.SeleniumBase.takeSnap(SeleniumBase.java:906)
at com.framework.utils.Reporter.reportStep(Reporter.java:89)
at com.framework.utils.Reporter.reportStep(Reporter.java:116)
at com.framework.selenium.api.base.SeleniumBase.takeSnap(SeleniumBase.java:906)
at com.framework.utils.Reporter.reportStep(Reporter.java:89)
at com.framework.utils.Reporter.reportStep(Reporter.java:116)
at com.framework.selenium.api.base.SeleniumBase.takeSnap(SeleniumBase.java:906)
at com.framework.utils.Reporter.reportStep(Reporter.java:89)
at com.framework.utils.Reporter.reportStep(Reporter.java:116)
at com.framework.selenium.api.base.SeleniumBase.takeSnap(SeleniumBase.java:906)
at com.framework.utils.Reporter.reportStep(Reporter.java:89)
at com.framework.utils.Reporter.reportStep(Reporter.java:116)
at com.framework.selenium.api.base.SeleniumBase.takeSnap(SeleniumBase.java:906)
at com.framework.utils.Reporter.reportStep(Reporter.java:89)
at com.framework.utils.Reporter.reportStep(Reporter.java:116)
at com.framework.selenium.api.base.SeleniumBase.takeSnap(SeleniumBase.java:906)
at com.framework.utils.Reporter.reportStep(Reporter.java:89)
at com.framework.utils.Reporter.reportStep(Reporter.java:116)
at com.framework.selenium.api.base.SeleniumBase.takeSnap(SeleniumBase.java:906)
at com.framework.utils.Reporter.reportStep(Reporter.java:89)
at com.framework.utils.Reporter.reportStep(Reporter.java:116)
at com.framework.selenium.api.base.SeleniumBase.takeSnap(SeleniumBase.java:906)
at com.framework.utils.Reporter.reportStep(Reporter.java:89)
at com.framework.utils.Reporter.reportStep(Reporter.java:116)
at com.framework.selenium.api.base.SeleniumBase.takeSnap(SeleniumBase.java:906)
at com.framework.utils.Reporter.reportStep(Reporter.java:89)
at com.framework.utils.Reporter.reportStep(Reporter.java:116)
at com.framework.selenium.api.base.SeleniumBase.takeSnap(SeleniumBase.java:906)
at com.framework.utils.Reporter.reportStep(Reporter.java:89)
at com.framework.utils.Reporter.reportStep(Reporter.java:116)
at com.framework.selenium.api.base.SeleniumBase.takeSnap(SeleniumBase.java:906)
at com.framework.utils.Reporter.reportStep(Reporter.java:89)
at com.framework.utils.Reporter.reportStep(Reporter.java:116)
at com.framework.selenium.api.base.SeleniumBase.takeSnap(SeleniumBase.java:906)
at com.framework.utils.Reporter.reportStep(Reporter.java:89)
at com.framework.utils.Reporter.reportStep(Reporter.java:116)
at com.framework.selenium.api.base.SeleniumBase.takeSnap(SeleniumBase.java:906)
at com.framework.utils.Reporter.reportStep(Reporter.java:89)
at com.framework.utils.Reporter.reportStep(Reporter.java:116)
at com.framework.selenium.api.base.SeleniumBase.takeSnap(SeleniumBase.java:906)
at com.framework.utils.Reporter.reportStep(Reporter.java:89)
at com.framework.utils.Reporter.reportStep(Reporter.java:116)
at com.framework.selenium.api.base.SeleniumBase.takeSnap(SeleniumBase.java:906)
at com.framework.utils.Reporter.reportStep(Reporter.java:89)
at com.framework.utils.Reporter.reportStep(Reporter.java:116)
at com.framework.selenium.api.base.SeleniumBase.takeSnap(SeleniumBase.java:906)
at com.framework.utils.Reporter.reportStep(Reporter.java:89)
at com.framework.utils.Reporter.reportStep(Reporter.java:116)
at com.framework.selenium.api.base.SeleniumBase.takeSnap(SeleniumBase.java:906)
at com.framework.utils.Reporter.reportStep(Reporter.java:89)
at com.framework.utils.Reporter.reportStep(Reporter.java:116)
at com.framework.selenium.api.base.SeleniumBase.takeSnap(SeleniumBase.java:906)
at com.framework.utils.Reporter.reportStep(Reporter.java:89)
at com.framework.utils.Reporter.reportStep(Reporter.java:116)
at com.framework.selenium.api.base.SeleniumBase.takeSnap(SeleniumBase.java:906)
at com.framework.utils.Reporter.reportStep(Reporter.java:89)
at com.framework.utils.Reporter.reportStep(Reporter.java:116)
at com.framework.selenium.api.base.SeleniumBase.takeSnap(SeleniumBase.java:906)
at com.framework.utils.Reporter.reportStep(Reporter.java:89)
at com.framework.utils.Reporter.reportStep(Reporter.java:116)
at com.framework.selenium.api.base.SeleniumBase.takeSnap(SeleniumBase.java:906)
at com.framework.utils.Reporter.reportStep(Reporter.java:89)
at com.framework.utils.Reporter.reportStep(Reporter.java:116)
at com.framework.selenium.api.base.SeleniumBase.takeSnap(SeleniumBase.java:906)
at com.framework.utils.Reporter.reportStep(Reporter.java:89)
at com.framework.utils.Reporter.reportStep(Reporter.java:116)
at com.framework.selenium.api.base.SeleniumBase.takeSnap(SeleniumBase.java:906)
at com.framework.utils.Reporter.reportStep(Reporter.java:89)
at com.framework.utils.Reporter.reportStep(Reporter.java:116)
at com.framework.selenium.api.base.SeleniumBase.takeSnap(SeleniumBase.java:906)
at com.framework.utils.Reporter.reportStep(Reporter.java:89)
at com.framework.utils.Reporter.reportStep(Reporter.java:116)
at com.framework.selenium.api.base.SeleniumBase.takeSnap(SeleniumBase.java:906)
at com.framework.utils.Reporter.reportStep(Reporter.java:89)
at com.framework.utils.Reporter.reportStep(Reporter.java:116)
at com.framework.selenium.api.base.SeleniumBase.takeSnap(SeleniumBase.java:906)
at com.framework.utils.Reporter.reportStep(Reporter.java:89)
at com.framework.utils.Reporter.reportStep(Reporter.java:116)
at com.framework.selenium.api.base.SeleniumBase.takeSnap(SeleniumBase.java:906)
at com.framework.utils.Reporter.reportStep(Reporter.java:89)
at com.framework.utils.Reporter.reportStep(Reporter.java:116)
at com.framework.selenium.api.base.SeleniumBase.takeSnap(SeleniumBase.java:906)
at com.framework.utils.Reporter.reportStep(Reporter.java:89)
at com.framework.utils.Reporter.reportStep(Reporter.java:116)
at com.framework.selenium.api.base.SeleniumBase.takeSnap(SeleniumBase.java:906)
at com.framework.utils.Reporter.reportStep(Reporter.java:89)
at com.framework.utils.Reporter.reportStep(Reporter.java:116)
at com.framework.selenium.api.base.SeleniumBase.takeSnap(SeleniumBase.java:906)
at com.framework.utils.Reporter.reportStep(Reporter.java:89)
at com.framework.utils.Reporter.reportStep(Reporter.java:116)
at com.framework.selenium.api.base.SeleniumBase.takeSnap(SeleniumBase.java:906)
at com.framework.utils.Reporter.reportStep(Reporter.java:89)
at com.framework.utils.Reporter.reportStep(Reporter.java:116)
at com.framework.selenium.api.base.SeleniumBase.takeSnap(SeleniumBase.java:906)
at com.framework.utils.Reporter.reportStep(Reporter.java:89)
at com.framework.utils.Reporter.reportStep(Reporter.java:116)
at com.framework.selenium.api.base.SeleniumBase.takeSnap(SeleniumBase.java:906)
at com.framework.utils.Reporter.reportStep(Reporter.java:89)
at com.framework.utils.Reporter.reportStep(Reporter.java:116)
at com.framework.selenium.api.base.SeleniumBase.takeSnap(SeleniumBase.java:906)
at com.framework.utils.Reporter.reportStep(Reporter.java:89)
at com.framework.utils.Reporter.reportStep(Reporter.java:116)
at com.framework.selenium.api.base.SeleniumBase.takeSnap(SeleniumBase.java:906)
at com.framework.utils.Reporter.reportStep(Reporter.java:89)
at com.framework.utils.Reporter.reportStep(Reporter.java:116)
at com.framework.selenium.api.base.SeleniumBase.takeSnap(SeleniumBase.java:906)
at com.framework.utils.Reporter.reportStep(Reporter.java:89)
at com.framework.utils.Reporter.reportStep(Reporter.java:116)
at com.framework.selenium.api.base.SeleniumBase.takeSnap(SeleniumBase.java:906)
at com.framework.utils.Reporter.reportStep(Reporter.java:89)
at com.framework.utils.Reporter.reportStep(Reporter.java:116)
at com.framework.selenium.api.base.SeleniumBase.takeSnap(SeleniumBase.java:906)
at com.framework.utils.Reporter.reportStep(Reporter.java:89)
at com.framework.utils.Reporter.reportStep(Reporter.java:116)
at com.framework.selenium.api.base.SeleniumBase.takeSnap(SeleniumBase.java:906)
at com.framework.utils.Reporter.reportStep(Reporter.java:89)
at com.framework.utils.Reporter.reportStep(Reporter.java:116)
at com.framework.selenium.api.base.SeleniumBase.takeSnap(SeleniumBase.java:906)
at com.framework.utils.Reporter.reportStep(Reporter.java:89)
at com.framework.utils.Reporter.reportStep(Reporter.java:116)
at com.framework.selenium.api.base.SeleniumBase.takeSnap(SeleniumBase.java:906)
at com.framework.utils.Reporter.reportStep(Reporter.java:89)
at com.framework.utils.Reporter.reportStep(Reporter.java:116)
at com.framework.selenium.api.base.SeleniumBase.takeSnap(SeleniumBase.java:906)
at com.framework.utils.Reporter.reportStep(Reporter.java:89)
at com.framework.utils.Reporter.reportStep(Reporter.java:116)
at com.framework.selenium.api.base.SeleniumBase.takeSnap(SeleniumBase.java:906)
at com.framework.utils.Reporter.reportStep(Reporter.java:89)
at com.framework.utils.Reporter.reportStep(Reporter.java:116)
at com.framework.selenium.api.base.SeleniumBase.takeSnap(SeleniumBase.java:906)
at com.framework.utils.Reporter.reportStep(Reporter.java:89)
at com.framework.utils.Reporter.reportStep(Reporter.java:116)
at com.framework.selenium.api.base.SeleniumBase.takeSnap(SeleniumBase.java:906)
at com.framework.utils.Reporter.reportStep(Reporter.java:89)
at com.framework.utils.Reporter.reportStep(Reporter.java:116)
at com.framework.selenium.api.base.SeleniumBase.takeSnap(SeleniumBase.java:906)
at com.framework.utils.Reporter.reportStep(Reporter.java:89)
at com.framework.utils.Reporter.reportStep(Reporter.java:116)
at com.framework.selenium.api.base.SeleniumBase.takeSnap(SeleniumBase.java:906)
at com.framework.utils.Reporter.reportStep(Reporter.java:89)
at com.framework.utils.Reporter.reportStep(Reporter.java:116)
at com.framework.selenium.api.base.SeleniumBase.takeSnap(SeleniumBase.java:906)
at com.framework.utils.Reporter.reportStep(Reporter.java:89)
at com.framework.utils.Reporter.reportStep(Reporter.java:116)
at com.framework.selenium.api.base.SeleniumBase.takeSnap(SeleniumBase.java:906)
at com.framework.utils.Reporter.reportStep(Reporter.java:89)
at com.framework.utils.Reporter.reportStep(Reporter.java:116)
at com.framework.selenium.api.base.SeleniumBase.takeSnap(SeleniumBase.java:906)
at com.framework.utils.Reporter.reportStep(Reporter.java:89)
at com.framework.utils.Reporter.reportStep(Reporter.java:116)
at com.framework.selenium.api.base.SeleniumBase.takeSnap(SeleniumBase.java:906)
at com.framework.utils.Reporter.reportStep(Reporter.java:89)
at com.framework.utils.Reporter.reportStep(Reporter.java:116)
at com.framework.selenium.api.base.SeleniumBase.takeSnap(SeleniumBase.java:906)
at com.framework.utils.Reporter.reportStep(Reporter.java:89)
at com.framework.utils.Reporter.reportStep(Reporter.java:116)
at com.framework.selenium.api.base.SeleniumBase.takeSnap(SeleniumBase.java:906)
at com.framework.utils.Reporter.reportStep(Reporter.java:89)
at com.framework.utils.Reporter.reportStep(Reporter.java:116)
at com.framework.selenium.api.base.SeleniumBase.takeSnap(SeleniumBase.java:906)
at com.framework.utils.Reporter.reportStep(Reporter.java:89)
at com.framework.utils.Reporter.reportStep(Reporter.java:116)
at com.framework.selenium.api.base.SeleniumBase.takeSnap(SeleniumBase.java:906)
at com.framework.utils.Reporter.reportStep(Reporter.java:89)
at com.framework.utils.Reporter.reportStep(Reporter.java:116)
at com.framework.selenium.api.base.SeleniumBase.takeSnap(SeleniumBase.java:906)
at com.framework.utils.Reporter.reportStep(Reporter.java:89)
at com.framework.utils.Reporter.reportStep(Reporter.java:116)
at com.framework.selenium.api.base.SeleniumBase.takeSnap(SeleniumBase.java:906)
at com.framework.utils.Reporter.reportStep(Reporter.java:89)
at com.framework.utils.Reporter.reportStep(Reporter.java:116)
at com.framework.selenium.api.base.SeleniumBase.takeSnap(SeleniumBase.java:906)
at com.framework.utils.Reporter.reportStep(Reporter.java:89)
at com.framework.utils.Reporter.reportStep(Reporter.java:116)
at com.framework.selenium.api.base.SeleniumBase.takeSnap(SeleniumBase.java:906)
at com.framework.utils.Reporter.reportStep(Reporter.java:89)
at com.framework.utils.Reporter.reportStep(Reporter.java:116)
at com.framework.selenium.api.base.SeleniumBase.takeSnap(SeleniumBase.java:906)
at com.framework.utils.Reporter.reportStep(Reporter.java:89)
at com.framework.utils.Reporter.reportStep(Reporter.java:116)
at com.framework.selenium.api.base.SeleniumBase.takeSnap(SeleniumBase.java:906)
at com.framework.utils.Reporter.reportStep(Reporter.java:89)
at com.framework.utils.Reporter.reportStep(Reporter.java:116)
at com.framework.selenium.api.base.SeleniumBase.takeSnap(SeleniumBase.java:906)
at com.framework.utils.Reporter.reportStep(Reporter.java:89)
at com.framework.utils.Reporter.reportStep(Reporter.java:116)
at com.framework.selenium.api.base.SeleniumBase.takeSnap(SeleniumBase.java:906)
at com.framework.utils.Reporter.reportStep(Reporter.java:89)
at com.framework.utils.Reporter.reportStep(Reporter.java:116)
at com.framework.selenium.api.base.SeleniumBase.takeSnap(SeleniumBase.java:906)
at com.framework.utils.Reporter.reportStep(Reporter.java:89)
at com.framework.utils.Reporter.reportStep(Reporter.java:116)
at com.framework.selenium.api.base.SeleniumBase.takeSnap(SeleniumBase.java:906)
at com.framework.utils.Reporter.reportStep(Reporter.java:89)
at com.framework.utils.Reporter.reportStep(Reporter.java:116)
at com.framework.selenium.api.base.SeleniumBase.takeSnap(SeleniumBase.java:906)
at com.framework.utils.Reporter.reportStep(Reporter.java:89)
at com.framework.utils.Reporter.reportStep(Reporter.java:116)
at com.framework.selenium.api.base.SeleniumBase.takeSnap(SeleniumBase.java:906)
at com.framework.utils.Reporter.reportStep(Reporter.java:89)
at com.framework.utils.Reporter.reportStep(Reporter.java:116)
at com.framework.selenium.api.base.SeleniumBase.takeSnap(SeleniumBase.java:906)
at com.framework.utils.Reporter.reportStep(Reporter.java:89)
at com.framework.utils.Reporter.reportStep(Reporter.java:116)
at com.framework.selenium.api.base.SeleniumBase.takeSnap(SeleniumBase.java:906)
at com.framework.utils.Reporter.reportStep(Reporter.java:89)
at com.framework.utils.Reporter.reportStep(Reporter.java:116)
at com.framework.selenium.api.base.SeleniumBase.takeSnap(SeleniumBase.java:906)
at com.framework.utils.Reporter.reportStep(Reporter.java:89)
at com.framework.utils.Reporter.reportStep(Reporter.java:116)
at com.framework.selenium.api.base.SeleniumBase.takeSnap(SeleniumBase.java:906)
at com.framework.utils.Reporter.reportStep(Reporter.java:89)
at com.framework.utils.Reporter.reportStep(Reporter.java:116)
at com.framework.selenium.api.base.SeleniumBase.takeSnap(SeleniumBase.java:906)
at com.framework.utils.Reporter.reportStep(Reporter.java:89)
at com.framework.utils.Reporter.reportStep(Reporter.java:116)
at com.framework.selenium.api.base.SeleniumBase.takeSnap(SeleniumBase.java:906)
at com.framework.utils.Reporter.reportStep(Reporter.java:89)
at com.framework.utils.Reporter.reportStep(Reporter.java:116)
at com.framework.selenium.api.base.SeleniumBase.takeSnap(SeleniumBase.java:906)
at com.framework.utils.Reporter.reportStep(Reporter.java:89)
at com.framework.utils.Reporter.reportStep(Reporter.java:116)
at com.framework.selenium.api.base.SeleniumBase.takeSnap(SeleniumBase.java:906)
at com.framework.utils.Reporter.reportStep(Reporter.java:89)
at com.framework.utils.Reporter.reportStep(Reporter.java:116)
at com.framework.selenium.api.base.SeleniumBase.takeSnap(SeleniumBase.java:906)
at com.framework.utils.Reporter.reportStep(Reporter.java:89)
at com.framework.utils.Reporter.reportStep(Reporter.java:116)
at com.framework.selenium.api.base.SeleniumBase.takeSnap(SeleniumBase.java:906)
at com.framework.utils.Reporter.reportStep(Reporter.java:89)
at com.framework.utils.Reporter.reportStep(Reporter.java:116)
at com.framework.selenium.api.base.SeleniumBase.takeSnap(SeleniumBase.java:906)
at com.framework.utils.Reporter.reportStep(Reporter.java:89)
at com.framework.utils.Reporter.reportStep(Reporter.java:116)
at com.framework.selenium.api.base.SeleniumBase.takeSnap(SeleniumBase.java:906)
at com.framework.utils.Reporter.reportStep(Reporter.java:89)
at com.framework.utils.Reporter.reportStep(Reporter.java:116)
at com.framework.selenium.api.base.SeleniumBase.takeSnap(SeleniumBase.java:906)
at com.framework.utils.Reporter.reportStep(Reporter.java:89)
at com.framework.utils.Reporter.reportStep(Reporter.java:116)
at com.framework.selenium.api.base.SeleniumBase.takeSnap(SeleniumBase.java:906)
at com.framework.utils.Reporter.reportStep(Reporter.java:89)
at com.framework.utils.Reporter.reportStep(Reporter.java:116)
at com.framework.selenium.api.base.SeleniumBase.takeSnap(SeleniumBase.java:906)
at com.framework.utils.Reporter.reportStep(Reporter.java:89)
at com.framework.utils.Reporter.reportStep(Reporter.java:116)
at com.framework.selenium.api.base.SeleniumBase.takeSnap(SeleniumBase.java:906)
at com.framework.utils.Reporter.reportStep(Reporter.java:89)
at com.framework.utils.Reporter.reportStep(Reporter.java:116)
at com.framework.selenium.api.base.SeleniumBase.takeSnap(SeleniumBase.java:906)
at com.framework.utils.Reporter.reportStep(Reporter.java:89)
at com.framework.utils.Reporter.reportStep(Reporter.java:116)
at com.framework.selenium.api.base.SeleniumBase.takeSnap(SeleniumBase.java:906)
at com.framework.utils.Reporter.reportStep(Reporter.java:89)
at com.framework.utils.Reporter.reportStep(Reporter.java:116)
at com.framework.selenium.api.base.SeleniumBase.takeSnap(SeleniumBase.java:906)
at com.framework.utils.Reporter.reportStep(Reporter.java:89)
at com.framework.utils.Reporter.reportStep(Reporter.java:116)
at com.framework.selenium.api.base.SeleniumBase.takeSnap(SeleniumBase.java:906)
at com.framework.utils.Reporter.reportStep(Reporter.java:89)
at com.framework.utils.Reporter.reportStep(Reporter.java:116)
at com.framework.selenium.api.base.SeleniumBase.takeSnap(SeleniumBase.java:906)
at com.framework.utils.Reporter.reportStep(Reporter.java:89)
at com.framework.utils.Reporter.reportStep(Reporter.java:116)
at com.framework.selenium.api.base.SeleniumBase.takeSnap(SeleniumBase.java:906)
at com.framework.utils.Reporter.reportStep(Reporter.java:89)
at com.framework.utils.Reporter.reportStep(Reporter.java:116)
at com.framework.selenium.api.base.SeleniumBase.takeSnap(SeleniumBase.java:906)
at com.framework.utils.Reporter.reportStep(Reporter.java:89)
at com.framework.utils.Reporter.reportStep(Reporter.java:116)
at com.framework.selenium.api.base.SeleniumBase.takeSnap(SeleniumBase.java:906)
at com.framework.utils.Reporter.reportStep(Reporter.java:89)
at com.framework.utils.Reporter.reportStep(Reporter.java:116)
at com.framework.selenium.api.base.SeleniumBase.takeSnap(SeleniumBase.java:906)
at com.framework.utils.Reporter.reportStep(Reporter.java:89)
at com.framework.utils.Reporter.reportStep(Reporter.java:116)
at com.framework.selenium.api.base.SeleniumBase.takeSnap(SeleniumBase.java:906)
at com.framework.utils.Reporter.reportStep(Reporter.java:89)
at com.framework.utils.Reporter.reportStep(Reporter.java:116)
at com.framework.selenium.api.base.SeleniumBase.takeSnap(SeleniumBase.java:906)
at com.framework.utils.Reporter.reportStep(Reporter.java:89)
at com.framework.utils.Reporter.reportStep(Reporter.java:116)
at com.framework.selenium.api.base.SeleniumBase.takeSnap(SeleniumBase.java:906)
at com.framework.utils.Reporter.reportStep(Reporter.java:89)
at com.framework.utils.Reporter.reportStep(Reporter.java:116)
at com.framework.selenium.api.base.SeleniumBase.takeSnap(SeleniumBase.java:906)
at com.framework.utils.Reporter.reportStep(Reporter.java:89)
at com.framework.utils.Reporter.reportStep(Reporter.java:116)
at com.framework.selenium.api.base.SeleniumBase.takeSnap(SeleniumBase.java:906)
at com.framework.utils.Reporter.reportStep(Reporter.java:89)
at com.framework.utils.Reporter.reportStep(Reporter.java:116)
at com.framework.selenium.api.base.SeleniumBase.takeSnap(SeleniumBase.java:906)
at com.framework.utils.Reporter.reportStep(Reporter.java:89)
at com.framework.utils.Reporter.reportStep(Reporter.java:116)
at com.framework.selenium.api.base.SeleniumBase.takeSnap(SeleniumBase.java:906)
at com.framework.utils.Reporter.reportStep(Reporter.java:89)
at com.framework.utils.Reporter.reportStep(Reporter.java:116)
at com.framework.selenium.api.base.SeleniumBase.takeSnap(SeleniumBase.java:906)
at com.framework.utils.Reporter.reportStep(Reporter.java:89)
at com.framework.utils.Reporter.reportStep(Reporter.java:116)
at com.framework.selenium.api.base.SeleniumBase.takeSnap(SeleniumBase.java:906)
at com.framework.utils.Reporter.reportStep(Reporter.java:89)
at com.framework.utils.Reporter.reportStep(Reporter.java:116)
at com.framework.selenium.api.base.SeleniumBase.takeSnap(SeleniumBase.java:906)
at com.framework.utils.Reporter.reportStep(Reporter.java:89)
at com.framework.utils.Reporter.reportStep(Reporter.java:116)
at com.framework.selenium.api.base.SeleniumBase.takeSnap(SeleniumBase.java:906)
at com.framework.utils.Reporter.reportStep(Reporter.java:89)
at com.framework.utils.Reporter.reportStep(Reporter.java:116)
at com.framework.selenium.api.base.SeleniumBase.takeSnap(SeleniumBase.java:906)
at com.framework.utils.Reporter.reportStep(Reporter.java:89)
at com.framework.utils.Reporter.reportStep(Reporter.java:116)
at com.framework.selenium.api.base.SeleniumBase.takeSnap(SeleniumBase.java:906)
at com.framework.utils.Reporter.reportStep(Reporter.java:89)
at com.framework.utils.Reporter.reportStep(Reporter.java:116)
at com.framework.selenium.api.base.SeleniumBase.takeSnap(SeleniumBase.java:906)
at com.framework.utils.Reporter.reportStep(Reporter.java:89)
at com.framework.utils.Reporter.reportStep(Reporter.java:116)
at com.framework.selenium.api.base.SeleniumBase.takeSnap(SeleniumBase.java:906)
at com.framework.utils.Reporter.reportStep(Reporter.java:89)
at com.framework.utils.Reporter.reportStep(Reporter.java:116)
at com.framework.selenium.api.base.SeleniumBase.takeSnap(SeleniumBase.java:906)
at com.framework.utils.Reporter.reportStep(Reporter.java:89)
at com.framework.utils.Reporter.reportStep(Reporter.java:116)
at com.framework.selenium.api.base.SeleniumBase.takeSnap(SeleniumBase.java:906)
at com.framework.utils.Reporter.reportStep(Reporter.java:89)
at com.framework.utils.Reporter.reportStep(Reporter.java:116)
at com.framework.selenium.api.base.SeleniumBase.takeSnap(SeleniumBase.java:906)
at com.framework.utils.Reporter.reportStep(Reporter.java:89)
at com.framework.utils.Reporter.reportStep(Reporter.java:116)
at com.framework.selenium.api.base.SeleniumBase.takeSnap(SeleniumBase.java:906)
at com.framework.utils.Reporter.reportStep(Reporter.java:89)
at com.framework.utils.Reporter.reportStep(Reporter.java:116)
at com.framework.selenium.api.base.SeleniumBase.takeSnap(SeleniumBase.java:906)
at com.framework.utils.Reporter.reportStep(Reporter.java:89)
at com.framework.utils.Reporter.reportStep(Reporter.java:116)
at com.framework.selenium.api.base.SeleniumBase.takeSnap(SeleniumBase.java:906)
at com.framework.utils.Reporter.reportStep(Reporter.java:89)
at com.framework.utils.Reporter.reportStep(Reporter.java:116)
at com.framework.selenium.api.base.SeleniumBase.takeSnap(SeleniumBase.java:906)
at com.framework.utils.Reporter.reportStep(Reporter.java:89)
at com.framework.utils.Reporter.reportStep(Reporter.java:116)
at com.framework.selenium.api.base.SeleniumBase.takeSnap(SeleniumBase.java:906)
at com.framework.utils.Reporter.reportStep(Reporter.java:89)
at com.framework.utils.Reporter.reportStep(Reporter.java:116)
at com.framework.selenium.api.base.SeleniumBase.takeSnap(SeleniumBase.java:906)
at com.framework.utils.Reporter.reportStep(Reporter.java:89)
at com.framework.utils.Reporter.reportStep(Reporter.java:116)
at com.framework.selenium.api.base.SeleniumBase.takeSnap(SeleniumBase.java:906)
at com.framework.utils.Reporter.reportStep(Reporter.java:89)
at com.framework.utils.Reporter.reportStep(Reporter.java:116)
at com.framework.selenium.api.base.SeleniumBase.takeSnap(SeleniumBase.java:906)
at com.framework.utils.Reporter.reportStep(Reporter.java:89)
at com.framework.utils.Reporter.reportStep(Reporter.java:116)
at com.framework.selenium.api.base.SeleniumBase.takeSnap(SeleniumBase.java:906)
at com.framework.utils.Reporter.reportStep(Reporter.java:89)
at com.framework.utils.Reporter.reportStep(Reporter.java:116)
at com.framework.selenium.api.base.SeleniumBase.takeSnap(SeleniumBase.java:906)
at com.framework.utils.Reporter.reportStep(Reporter.java:89)
at com.framework.utils.Reporter.reportStep(Reporter.java:116)
at com.framework.selenium.api.base.SeleniumBase.takeSnap(SeleniumBase.java:906)
at com.framework.utils.Reporter.reportStep(Reporter.java:89)
at com.framework.utils.Reporter.reportStep(Reporter.java:116)
at com.framework.selenium.api.base.SeleniumBase.takeSnap(SeleniumBase.java:906)
at com.framework.utils.Reporter.reportStep(Reporter.java:89)
at com.framework.utils.Reporter.reportStep(Reporter.java:116)
at com.framework.selenium.api.base.SeleniumBase.takeSnap(SeleniumBase.java:906)
at com.framework.utils.Reporter.reportStep(Reporter.java:89)
at com.framework.utils.Reporter.reportStep(Reporter.java:116)
at com.framework.selenium.api.base.SeleniumBase.takeSnap(SeleniumBase.java:906)
at com.framework.utils.Reporter.reportStep(Reporter.java:89)
at com.framework.utils.Reporter.reportStep(Reporter.java:116)
at com.framework.selenium.api.base.SeleniumBase.takeSnap(SeleniumBase.java:906)
at com.framework.utils.Reporter.reportStep(Reporter.java:89)
at com.framework.utils.Reporter.reportStep(Reporter.java:116)
at com.framework.selenium.api.base.SeleniumBase.takeSnap(SeleniumBase.java:906)
at com.framework.utils.Reporter.reportStep(Reporter.java:89)
at com.framework.utils.Reporter.reportStep(Reporter.java:116)
at com.framework.selenium.api.base.SeleniumBase.takeSnap(SeleniumBase.java:906)
at com.framework.utils.Reporter.reportStep(Reporter.java:89)
at com.framework.utils.Reporter.reportStep(Reporter.java:116)
at com.framework.selenium.api.base.SeleniumBase.takeSnap(SeleniumBase.java:906)
at com.framework.utils.Reporter.reportStep(Reporter.java:89)
at com.framework.utils.Reporter.reportStep(Reporter.java:116)
at com.framework.selenium.api.base.SeleniumBase.takeSnap(SeleniumBase.java:906)
at com.framework.utils.Reporter.reportStep(Reporter.java:89)
at com.framework.utils.Reporter.reportStep(Reporter.java:116)
at com.framework.selenium.api.base.SeleniumBase.takeSnap(SeleniumBase.java:906)
at com.framework.utils.Reporter.reportStep(Reporter.java:89)
at com.framework.utils.Reporter.reportStep(Reporter.java:116)
at com.framework.selenium.api.base.SeleniumBase.takeSnap(SeleniumBase.java:906)
at com.framework.utils.Reporter.reportStep(Reporter.java:89)
at com.framework.utils.Reporter.reportStep(Reporter.java:116)
at com.framework.selenium.api.base.SeleniumBase.takeSnap(SeleniumBase.java:906)
at com.framework.utils.Reporter.reportStep(Reporter.java:89)
at com.framework.utils.Reporter.reportStep(Reporter.java:116)
at com.framework.selenium.api.base.SeleniumBase.takeSnap(SeleniumBase.java:906)
at com.framework.utils.Reporter.reportStep(Reporter.java:89)
at com.framework.utils.Reporter.reportStep(Reporter.java:116)
at com.framework.selenium.api.base.SeleniumBase.takeSnap(SeleniumBase.java:906)
at com.framework.utils.Reporter.reportStep(Reporter.java:89)
at com.framework.utils.Reporter.reportStep(Reporter.java:116)
at com.framework.selenium.api.base.SeleniumBase.takeSnap(SeleniumBase.java:906)
at com.framework.utils.Reporter.reportStep(Reporter.java:89)
at com.framework.utils.Reporter.reportStep(Reporter.java:116)
at com.framework.selenium.api.base.SeleniumBase.takeSnap(SeleniumBase.java:906)
at com.framework.utils.Reporter.reportStep(Reporter.java:89)
at com.framework.utils.Reporter.reportStep(Reporter.java:116)
at com.framework.selenium.api.base.SeleniumBase.takeSnap(SeleniumBase.java:906)
at com.framework.utils.Reporter.reportStep(Reporter.java:89)
at com.framework.utils.Reporter.reportStep(Reporter.java:116)
at com.framework.selenium.api.base.SeleniumBase.takeSnap(SeleniumBase.java:906)
at com.framework.utils.Reporter.reportStep(Reporter.java:89)
at com.framework.utils.Reporter.reportStep(Reporter.java:116)
at com.framework.selenium.api.base.SeleniumBase.takeSnap(SeleniumBase.java:906)
at com.framework.utils.Reporter.reportStep(Reporter.java:89)
at com.framework.utils.Reporter.reportStep(Reporter.java:116)
at com.framework.selenium.api.base.SeleniumBase.takeSnap(SeleniumBase.java:906)
at com.framework.utils.Reporter.reportStep(Reporter.java:89)
at com.framework.utils.Reporter.reportStep(Reporter.java:116)
at com.framework.selenium.api.base.SeleniumBase.takeSnap(SeleniumBase.java:906)
at com.framework.utils.Reporter.reportStep(Reporter.java:89)
at com.framework.utils.Reporter.reportStep(Reporter.java:116)
at com.framework.selenium.api.base.SeleniumBase.takeSnap(SeleniumBase.java:906)
at com.framework.utils.Reporter.reportStep(Reporter.java:89)
at com.framework.utils.Reporter.reportStep(Reporter.java:116)
at com.framework.selenium.api.base.SeleniumBase.takeSnap(SeleniumBase.java:906)
at com.framework.utils.Reporter.reportStep(Reporter.java:89)
at com.framework.utils.Reporter.reportStep(Reporter.java:116)
at com.framework.selenium.api.base.SeleniumBase.takeSnap(SeleniumBase.java:906)
at com.framework.utils.Reporter.reportStep(Reporter.java:89)
at com.framework.utils.Reporter.reportStep(Reporter.java:116)
at com.framework.selenium.api.base.SeleniumBase.takeSnap(SeleniumBase.java:906)
at com.framework.utils.Reporter.reportStep(Reporter.java:89)
at com.framework.utils.Reporter.reportStep(Reporter.java:116)
at com.framework.selenium.api.base.SeleniumBase.takeSnap(SeleniumBase.java:906)
at com.framework.utils.Reporter.reportStep(Reporter.java:89)
at com.framework.utils.Reporter.reportStep(Reporter.java:116)
at com.framework.selenium.api.base.SeleniumBase.takeSnap(SeleniumBase.java:906)
at com.framework.utils.Reporter.reportStep(Reporter.java:89)
at com.framework.utils.Reporter.reportStep(Reporter.java:116)
at com.framework.selenium.api.base.SeleniumBase.takeSnap(SeleniumBase.java:906)
at com.framework.utils.Reporter.reportStep(Reporter.java:89)
at com.framework.utils.Reporter.reportStep(Reporter.java:116)
at com.framework.selenium.api.base.SeleniumBase.takeSnap(SeleniumBase.java:906)
at com.framework.utils.Reporter.reportStep(Reporter.java:89)
at com.framework.utils.Reporter.reportStep(Reporter.java:116)
at com.framework.selenium.api.base.SeleniumBase.takeSnap(SeleniumBase.java:906)
at com.framework.utils.Reporter.reportStep(Reporter.java:89)
at com.framework.utils.Reporter.reportStep(Reporter.java:116)
at com.framework.selenium.api.base.SeleniumBase.takeSnap(SeleniumBase.java:906)
at com.framework.utils.Reporter.reportStep(Reporter.java:89)
at com.framework.utils.Reporter.reportStep(Reporter.java:116)
at com.framework.selenium.api.base.SeleniumBase.takeSnap(SeleniumBase.java:906)
at com.framework.utils.Reporter.reportStep(Reporter.java:89)
at com.framework.utils.Reporter.reportStep(Reporter.java:116)
at com.framework.selenium.api.base.SeleniumBase.takeSnap(SeleniumBase.java:906)
at com.framework.utils.Reporter.reportStep(Reporter.java:89)
at com.framework.utils.Reporter.reportStep(Reporter.java:116)
at com.framework.selenium.api.base.SeleniumBase.takeSnap(SeleniumBase.java:906)
at com.framework.utils.Reporter.reportStep(Reporter.java:89)
at com.framework.utils.Reporter.reportStep(Reporter.java:116)
at com.framework.selenium.api.base.SeleniumBase.takeSnap(SeleniumBase.java:906)
at com.framework.utils.Reporter.reportStep(Reporter.java:89)
at com.framework.utils.Reporter.reportStep(Reporter.java:116)
at com.framework.selenium.api.base.SeleniumBase.takeSnap(SeleniumBase.java:906)
at com.framework.utils.Reporter.reportStep(Reporter.java:89)
at com.framework.utils.Reporter.reportStep(Reporter.java:116)
at com.framework.selenium.api.base.SeleniumBase.takeSnap(SeleniumBase.java:906)
at com.framework.utils.Reporter.reportStep(Reporter.java:89)
at com.framework.utils.Reporter.reportStep(Reporter.java:116)
at com.framework.selenium.api.base.SeleniumBase.takeSnap(SeleniumBase.java:906)
at com.framework.utils.Reporter.reportStep(Reporter.java:89)
at com.framework.utils.Reporter.reportStep(Reporter.java:116)
at com.framework.selenium.api.base.SeleniumBase.takeSnap(SeleniumBase.java:906)
at com.framework.utils.Reporter.reportStep(Reporter.java:89)
at com.framework.utils.Reporter.reportStep(Reporter.java:116)
at com.framework.selenium.api.base.SeleniumBase.takeSnap(SeleniumBase.java:906)
at com.framework.utils.Reporter.reportStep(Reporter.java:89)
at com.framework.utils.Reporter.reportStep(Reporter.java:116)
at com.framework.selenium.api.base.SeleniumBase.takeSnap(SeleniumBase.java:906)
at com.framework.utils.Reporter.reportStep(Reporter.java:89)
at com.framework.utils.Reporter.reportStep(Reporter.java:116)
at com.framework.selenium.api.base.SeleniumBase.takeSnap(SeleniumBase.java:906)
at com.framework.utils.Reporter.reportStep(Reporter.java:89)
at com.framework.utils.Reporter.reportStep(Reporter.java:116)
at com.framework.selenium.api.base.SeleniumBase.takeSnap(SeleniumBase.java:906)
at com.framework.utils.Reporter.reportStep(Reporter.java:89)
at com.framework.utils.Reporter.reportStep(Reporter.java:116)
at com.framework.selenium.api.base.SeleniumBase.takeSnap(SeleniumBase.java:906)
at com.framework.utils.Reporter.reportStep(Reporter.java:89)
at com.framework.utils.Reporter.reportStep(Reporter.java:116)
at com.framework.selenium.api.base.SeleniumBase.takeSnap(SeleniumBase.java:906)
at com.framework.utils.Reporter.reportStep(Reporter.java:89)
at com.framework.utils.Reporter.reportStep(Reporter.java:116)
at com.framework.selenium.api.base.SeleniumBase.takeSnap(SeleniumBase.java:906)
at com.framework.utils.Reporter.reportStep(Reporter.java:89)
at com.framework.utils.Reporter.reportStep(Reporter.java:116)
at com.framework.selenium.api.base.SeleniumBase.takeSnap(SeleniumBase.java:906)
at com.framework.utils.Reporter.reportStep(Reporter.java:89)
at com.framework.utils.Reporter.reportStep(Reporter.java:116)
at com.framework.selenium.api.base.SeleniumBase.takeSnap(SeleniumBase.java:906)
at com.framework.utils.Reporter.reportStep(Reporter.java:89)
at com.framework.utils.Reporter.reportStep(Reporter.java:116)
at com.framework.selenium.api.base.SeleniumBase.takeSnap(SeleniumBase.java:906)
at com.framework.utils.Reporter.reportStep(Reporter.java:89)
at com.framework.utils.Reporter.reportStep(Reporter.java:116)
at com.framework.selenium.api.base.SeleniumBase.takeSnap(SeleniumBase.java:906)
at com.framework.utils.Reporter.reportStep(Reporter.java:89)
at com.framework.utils.Reporter.reportStep(Reporter.java:116)
at com.framework.selenium.api.base.SeleniumBase.takeSnap(SeleniumBase.java:906)
at com.framework.utils.Reporter.reportStep(Reporter.java:89)
at com.framework.utils.Reporter.reportStep(Reporter.java:116)
at com.framework.selenium.api.base.SeleniumBase.takeSnap(SeleniumBase.java:906)
at com.framework.utils.Reporter.reportStep(Reporter.java:89)
at com.framework.utils.Reporter.reportStep(Reporter.java:116)
at com.framework.selenium.api.base.SeleniumBase.takeSnap(SeleniumBase.java:906)
at com.framework.utils.Reporter.reportStep(Reporter.java:89)
at com.framework.utils.Reporter.reportStep(Reporter.java:116)
at com.framework.selenium.api.base.SeleniumBase.takeSnap(SeleniumBase.java:906)
at com.framework.utils.Reporter.reportStep(Reporter.java:89)
at com.framework.utils.Reporter.reportStep(Reporter.java:116)
at com.framework.selenium.api.base.SeleniumBase.takeSnap(SeleniumBase.java:906)
at com.framework.utils.Reporter.reportStep(Reporter.java:89)
at com.framework.utils.Reporter.reportStep(Reporter.java:116)
at com.framework.selenium.api.base.SeleniumBase.takeSnap(SeleniumBase.java:906)
at com.framework.utils.Reporter.reportStep(Reporter.java:89)
at com.framework.utils.Reporter.reportStep(Reporter.java:116)
at com.framework.selenium.api.base.SeleniumBase.takeSnap(SeleniumBase.java:906)
at com.framework.utils.Reporter.reportStep(Reporter.java:89)
at com.framework.utils.Reporter.reportStep(Reporter.java:116)
at com.framework.selenium.api.base.SeleniumBase.takeSnap(SeleniumBase.java:906)
at com.framework.utils.Reporter.reportStep(Reporter.java:89)
at com.framework.utils.Reporter.reportStep(Reporter.java:116)
at com.framework.selenium.api.base.SeleniumBase.takeSnap(SeleniumBase.java:906)
at com.framework.utils.Reporter.reportStep(Reporter.java:89)
at com.framework.utils.Reporter.reportStep(Reporter.java:116)
at com.framework.selenium.api.base.SeleniumBase.takeSnap(SeleniumBase.java:906)
at com.framework.utils.Reporter.reportStep(Reporter.java:89)
at com.framework.utils.Reporter.reportStep(Reporter.java:116)
at com.framework.selenium.api.base.SeleniumBase.takeSnap(SeleniumBase.java:906)
at com.framework.utils.Reporter.reportStep(Reporter.java:89)
at com.framework.utils.Reporter.reportStep(Reporter.java:116)
at com.framework.selenium.api.base.SeleniumBase.takeSnap(SeleniumBase.java:906)
at com.framework.utils.Reporter.reportStep(Reporter.java:89)
at com.framework.utils.Reporter.reportStep(Reporter.java:116)
at com.framework.selenium.api.base.SeleniumBase.takeSnap(SeleniumBase.java:906)
at com.framework.utils.Reporter.reportStep(Reporter.java:89)
at com.framework.utils.Reporter.reportStep(Reporter.java:116)
at com.framework.selenium.api.base.SeleniumBase.takeSnap(SeleniumBase.java:906)
at com.framework.utils.Reporter.reportStep(Reporter.java:89)
at com.framework.utils.Reporter.reportStep(Reporter.java:116)
at com.framework.selenium.api.base.SeleniumBase.takeSnap(SeleniumBase.java:906)
at com.framework.utils.Reporter.reportStep(Reporter.java:89)
at com.framework.utils.Reporter.reportStep(Reporter.java:116)
at com.framework.selenium.api.base.SeleniumBase.takeSnap(SeleniumBase.java:906)
at com.framework.utils.Reporter.reportStep(Reporter.java:89)
at com.framework.utils.Reporter.reportStep(Reporter.java:116)
at com.framework.selenium.api.base.SeleniumBase.takeSnap(SeleniumBase.java:906)
at com.framework.utils.Reporter.reportStep(Reporter.java:89)
at com.framework.utils.Reporter.reportStep(Reporter.java:116)
at com.framework.selenium.api.base.SeleniumBase.takeSnap(SeleniumBase.java:906)
at com.framework.utils.Reporter.reportStep(Reporter.java:89)
at com.framework.utils.Reporter.reportStep(Reporter.java:116)
at com.framework.selenium.api.base.SeleniumBase.takeSnap(SeleniumBase.java:906)
at com.framework.utils.Reporter.reportStep(Reporter.java:89)
at com.framework.utils.Reporter.reportStep(Reporter.java:116)
at com.framework.selenium.api.base.SeleniumBase.takeSnap(SeleniumBase.java:906)
at com.framework.utils.Reporter.reportStep(Reporter.java:89)
at com.framework.utils.Reporter.reportStep(Reporter.java:116)
at com.framework.selenium.api.base.SeleniumBase.takeSnap(SeleniumBase.java:906)
at com.framework.utils.Reporter.reportStep(Reporter.java:89)
at com.framework.utils.Reporter.reportStep(Reporter.java:116)
at com.framework.selenium.api.base.SeleniumBase.takeSnap(SeleniumBase.java:906)
at com.framework.utils.Reporter.reportStep(Reporter.java:89)
at com.framework.utils.Reporter.reportStep(Reporter.java:116)
at com.framework.selenium.api.base.SeleniumBase.takeSnap(SeleniumBase.java:906)
at com.framework.utils.Reporter.reportStep(Reporter.java:89)
at com.framework.utils.Reporter.reportStep(Reporter.java:116)
at com.framework.selenium.api.base.SeleniumBase.takeSnap(SeleniumBase.java:906)
at com.framework.utils.Reporter.reportStep(Reporter.java:89)
at com.framework.utils.Reporter.reportStep(Reporter.java:116)
at com.framework.selenium.api.base.SeleniumBase.takeSnap(SeleniumBase.java:906)
at com.framework.utils.Reporter.reportStep(Reporter.java:89)
at com.framework.utils.Reporter.reportStep(Reporter.java:116)
at com.framework.selenium.api.base.SeleniumBase.takeSnap(SeleniumBase.java:906)
at com.framework.utils.Reporter.reportStep(Reporter.java:89)
at com.framework.utils.Reporter.reportStep(Reporter.java:116)
at com.framework.selenium.api.base.SeleniumBase.takeSnap(SeleniumBase.java:906)
at com.framework.utils.Reporter.reportStep(Reporter.java:89)
at com.framework.utils.Reporter.reportStep(Reporter.java:116)
at com.framework.selenium.api.base.SeleniumBase.takeSnap(SeleniumBase.java:906)
at com.framework.utils.Reporter.reportStep(Reporter.java:89)
at com.framework.utils.Reporter.reportStep(Reporter.java:116)
at com.framework.selenium.api.base.SeleniumBase.takeSnap(SeleniumBase.java:906)
at com.framework.utils.Reporter.reportStep(Reporter.java:89)
at com.framework.utils.Reporter.reportStep(Reporter.java:116)
at com.framework.selenium.api.base.SeleniumBase.takeSnap(SeleniumBase.java:906)
at com.framework.utils.Reporter.reportStep(Reporter.java:89)
at com.framework.utils.Reporter.reportStep(Reporter.java:116)
at com.framework.selenium.api.base.SeleniumBase.takeSnap(SeleniumBase.java:906)
at com.framework.utils.Reporter.reportStep(Reporter.java:89)
at com.framework.utils.Reporter.reportStep(Reporter.java:116)
at com.framework.selenium.api.base.SeleniumBase.takeSnap(SeleniumBase.java:906)
at com.framework.utils.Reporter.reportStep(Reporter.java:89)
at com.framework.utils.Reporter.reportStep(Reporter.java:116)
at com.framework.selenium.api.base.SeleniumBase.takeSnap(SeleniumBase.java:906)
at com.framework.utils.Reporter.reportStep(Reporter.java:89)
at com.framework.utils.Reporter.reportStep(Reporter.java:116)
at com.framework.selenium.api.base.SeleniumBase.takeSnap(SeleniumBase.java:906)
at com.framework.utils.Reporter.reportStep(Reporter.java:89)
at com.framework.utils.Reporter.reportStep(Reporter.java:116)
at com.framework.selenium.api.base.SeleniumBase.takeSnap(SeleniumBase.java:906)
at com.framework.utils.Reporter.reportStep(Reporter.java:89)
at com.framework.utils.Reporter.reportStep(Reporter.java:116)
at com.framework.selenium.api.base.SeleniumBase.takeSnap(SeleniumBase.java:906)
at com.framework.utils.Reporter.reportStep(Reporter.java:89)
at com.framework.utils.Reporter.reportStep(Reporter.java:116)
at com.framework.selenium.api.base.SeleniumBase.takeSnap(SeleniumBase.java:906)
at com.framework.utils.Reporter.reportStep(Reporter.java:89)
at com.framework.utils.Reporter.reportStep(Reporter.java:116)
at com.framework.selenium.api.base.SeleniumBase.takeSnap(SeleniumBase.java:906)
at com.framework.utils.Reporter.reportStep(Reporter.java:89)
at com.framework.utils.Reporter.reportStep(Reporter.java:116)
at com.framework.selenium.api.base.SeleniumBase.takeSnap(SeleniumBase.java:906)
at com.framework.utils.Reporter.reportStep(Reporter.java:89)
at com.framework.utils.Reporter.reportStep(Reporter.java:116)
at com.framework.selenium.api.base.SeleniumBase.takeSnap(SeleniumBase.java:906)
at com.framework.utils.Reporter.reportStep(Reporter.java:89)
at com.framework.utils.Reporter.reportStep(Reporter.java:116)
at com.framework.selenium.api.base.SeleniumBase.takeSnap(SeleniumBase.java:906)
at com.framework.utils.Reporter.reportStep(Reporter.java:89)
at com.framework.utils.Reporter.reportStep(Reporter.java:116)
at com.framework.selenium.api.base.SeleniumBase.takeSnap(SeleniumBase.java:906)
at com.framework.utils.Reporter.reportStep(Reporter.java:89)
at com.framework.utils.Reporter.reportStep(Reporter.java:116)
at com.framework.selenium.api.base.SeleniumBase.takeSnap(SeleniumBase.java:906)
at com.framework.utils.Reporter.reportStep(Reporter.java:89)
at com.framework.utils.Reporter.reportStep(Reporter.java:116)
at com.framework.selenium.api.base.SeleniumBase.takeSnap(SeleniumBase.java:906)
at com.framework.utils.Reporter.reportStep(Reporter.java:89)
at com.framework.utils.Reporter.reportStep(Reporter.java:116)
at com.framework.selenium.api.base.SeleniumBase.takeSnap(SeleniumBase.java:906)
at com.framework.utils.Reporter.reportStep(Reporter.java:89)
at com.framework.utils.Reporter.reportStep(Reporter.java:116)
at com.framework.selenium.api.base.SeleniumBase.takeSnap(SeleniumBase.java:906)
at com.framework.utils.Reporter.reportStep(Reporter.java:89)
at com.framework.utils.Reporter.reportStep(Reporter.java:116)
at com.framework.selenium.api.base.SeleniumBase.takeSnap(SeleniumBase.java:906)
at com.framework.utils.Reporter.reportStep(Reporter.java:89)
at com.framework.utils.Reporter.reportStep(Reporter.java:116)
at com.framework.selenium.api.base.SeleniumBase.takeSnap(SeleniumBase.java:906)
at com.framework.utils.Reporter.reportStep(Reporter.java:89)
at com.framework.utils.Reporter.reportStep(Reporter.java:116)
at com.framework.selenium.api.base.SeleniumBase.takeSnap(SeleniumBase.java:906)
at com.framework.utils.Reporter.reportStep(Reporter.java:89)
at com.framework.utils.Reporter.reportStep(Reporter.java:116)
at com.framework.selenium.api.base.SeleniumBase.takeSnap(SeleniumBase.java:906)
at com.framework.utils.Reporter.reportStep(Reporter.java:89)
at com.framework.utils.Reporter.reportStep(Reporter.java:116)
at com.framework.selenium.api.base.SeleniumBase.takeSnap(SeleniumBase.java:906)
at com.framework.utils.Reporter.reportStep(Reporter.java:89)
at com.framework.utils.Reporter.reportStep(Reporter.java:116)
at com.framework.selenium.api.base.SeleniumBase.takeSnap(SeleniumBase.java:906)
at com.framework.utils.Reporter.reportStep(Reporter.java:89)
at com.framework.utils.Reporter.reportStep(Reporter.java:116)
at com.framework.selenium.api.base.SeleniumBase.takeSnap(SeleniumBase.java:906)
at com.framework.utils.Reporter.reportStep(Reporter.java:89)
at com.framework.utils.Reporter.reportStep(Reporter.java:116)
at com.framework.selenium.api.base.SeleniumBase.takeSnap(SeleniumBase.java:906)
at com.framework.utils.Reporter.reportStep(Reporter.java:89)
at com.framework.utils.Reporter.reportStep(Reporter.java:116)
at com.framework.selenium.api.base.SeleniumBase.takeSnap(SeleniumBase.java:906)
at com.framework.utils.Reporter.reportStep(Reporter.java:89)
at com.framework.utils.Reporter.reportStep(Reporter.java:116)
at com.framework.selenium.api.base.SeleniumBase.takeSnap(SeleniumBase.java:906)
at com.framework.utils.Reporter.reportStep(Reporter.java:89)
at com.framework.utils.Reporter.reportStep(Reporter.java:116)
at com.framework.selenium.api.base.SeleniumBase.takeSnap(SeleniumBase.java:906)
at com.framework.utils.Reporter.reportStep(Reporter.java:89)
at com.framework.utils.Reporter.reportStep(Reporter.java:116)
at com.framework.selenium.api.base.SeleniumBase.takeSnap(SeleniumBase.java:906)
at com.framework.utils.Reporter.reportStep(Reporter.java:89)
at com.framework.utils.Reporter.reportStep(Reporter.java:116)
at com.framework.selenium.api.base.SeleniumBase.takeSnap(SeleniumBase.java:906)
at com.framework.utils.Reporter.reportStep(Reporter.java:89)
at com.framework.utils.Reporter.reportStep(Reporter.java:116)
at com.framework.selenium.api.base.SeleniumBase.takeSnap(SeleniumBase.java:906)
at com.framework.utils.Reporter.reportStep(Reporter.java:89)
at com.framework.utils.Reporter.reportStep(Reporter.java:116)
at com.framework.selenium.api.base.SeleniumBase.takeSnap(SeleniumBase.java:906)
at com.framework.utils.Reporter.reportStep(Reporter.java:89)
at com.framework.utils.Reporter.reportStep(Reporter.java:116)
at com.framework.selenium.api.base.SeleniumBase.takeSnap(SeleniumBase.java:906)
at com.framework.utils.Reporter.reportStep(Reporter.java:89)
at com.framework.utils.Reporter.reportStep(Reporter.java:116)
at com.framework.selenium.api.base.SeleniumBase.takeSnap(SeleniumBase.java:906)
at com.framework.utils.Reporter.reportStep(Reporter.java:89)
at com.framework.utils.Reporter.reportStep(Reporter.java:116)
at com.framework.selenium.api.base.SeleniumBase.takeSnap(SeleniumBase.java:906)
at com.framework.utils.Reporter.reportStep(Reporter.java:89)
at com.framework.utils.Reporter.reportStep(Reporter.java:116)
at com.framework.selenium.api.base.SeleniumBase.takeSnap(SeleniumBase.java:906)
at com.framework.utils.Reporter.reportStep(Reporter.java:89)
at com.framework.utils.Reporter.reportStep(Reporter.java:116)
at com.framework.selenium.api.base.SeleniumBase.takeSnap(SeleniumBase.java:906)
at com.framework.utils.Reporter.reportStep(Reporter.java:89)
at com.framework.utils.Reporter.reportStep(Reporter.java:116)
at com.framework.selenium.api.base.SeleniumBase.takeSnap(SeleniumBase.java:906)
at com.framework.utils.Reporter.reportStep(Reporter.java:89)
at com.framework.utils.Reporter.reportStep(Reporter.java:116)
at com.framework.selenium.api.base.SeleniumBase.takeSnap(SeleniumBase.java:906)
at com.framework.utils.Reporter.reportStep(Reporter.java:89)
at com.framework.utils.Reporter.reportStep(Reporter.java:116)
at com.framework.selenium.api.base.SeleniumBase.takeSnap(SeleniumBase.java:906)
at com.framework.utils.Reporter.reportStep(Reporter.java:89)
at com.framework.utils.Reporter.reportStep(Reporter.java:116)
at com.framework.selenium.api.base.SeleniumBase.takeSnap(SeleniumBase.java:906)
at com.framework.utils.Reporter.reportStep(Reporter.java:89)
at com.framework.utils.Reporter.reportStep(Reporter.java:116)
at com.framework.selenium.api.base.SeleniumBase.takeSnap(SeleniumBase.java:906)
at com.framework.utils.Reporter.reportStep(Reporter.java:89)
at com.framework.utils.Reporter.reportStep(Reporter.java:116)
at com.framework.selenium.api.base.SeleniumBase.takeSnap(SeleniumBase.java:906)
at com.framework.utils.Reporter.reportStep(Reporter.java:89)
at com.framework.utils.Reporter.reportStep(Reporter.java:116)
at com.framework.selenium.api.base.SeleniumBase.takeSnap(SeleniumBase.java:906)
at com.framework.utils.Reporter.reportStep(Reporter.java:89)
at com.framework.utils.Reporter.reportStep(Reporter.java:116)
at com.framework.selenium.api.base.SeleniumBase.takeSnap(SeleniumBase.java:906)
at com.framework.utils.Reporter.reportStep(Reporter.java:89)
at com.framework.utils.Reporter.reportStep(Reporter.java:116)
at com.framework.selenium.api.base.SeleniumBase.takeSnap(SeleniumBase.java:906)
at com.framework.utils.Reporter.reportStep(Reporter.java:89)
at com.framework.utils.Reporter.reportStep(Reporter.java:116)
at com.framework.selenium.api.base.SeleniumBase.takeSnap(SeleniumBase.java:906)
at com.framework.utils.Reporter.reportStep(Reporter.java:89)
at com.framework.utils.Reporter.reportStep(Reporter.java:116)
at com.framework.selenium.api.base.SeleniumBase.takeSnap(SeleniumBase.java:906)
at com.framework.utils.Reporter.reportStep(Reporter.java:89)
at com.framework.utils.Reporter.reportStep(Reporter.java:116)
at com.framework.selenium.api.base.SeleniumBase.takeSnap(SeleniumBase.java:906)
at com.framework.utils.Reporter.reportStep(Reporter.java:89)
at com.framework.utils.Reporter.reportStep(Reporter.java:116)
at com.framework.selenium.api.base.SeleniumBase.takeSnap(SeleniumBase.java:906)
at com.framework.utils.Reporter.reportStep(Reporter.java:89)
at com.framework.utils.Reporter.reportStep(Reporter.java:116)
at com.framework.selenium.api.base.SeleniumBase.takeSnap(SeleniumBase.java:906)
at com.framework.utils.Reporter.reportStep(Reporter.java:89)
at com.framework.utils.Reporter.reportStep(Reporter.java:116)
at com.framework.selenium.api.base.SeleniumBase.takeSnap(SeleniumBase.java:906)
at com.framework.utils.Reporter.reportStep(Reporter.java:89)
at com.framework.utils.Reporter.reportStep(Reporter.java:116)
at com.framework.selenium.api.base.SeleniumBase.takeSnap(SeleniumBase.java:906)
at com.framework.utils.Reporter.reportStep(Reporter.java:89)
at com.framework.utils.Reporter.reportStep(Reporter.java:116)
at com.framework.selenium.api.base.SeleniumBase.takeSnap(SeleniumBase.java:906)
at com.framework.utils.Reporter.reportStep(Reporter.java:89)
at com.framework.utils.Reporter.reportStep(Reporter.java:116)
at com.framework.selenium.api.base.SeleniumBase.takeSnap(SeleniumBase.java:906)
at com.framework.utils.Reporter.reportStep(Reporter.java:89)
at com.framework.utils.Reporter.reportStep(Reporter.java:116)
at com.framework.selenium.api.base.SeleniumBase.takeSnap(SeleniumBase.java:906)
at com.framework.utils.Reporter.reportStep(Reporter.java:89)
at com.framework.utils.Reporter.reportStep(Reporter.java:116)
at com.framework.selenium.api.base.SeleniumBase.takeSnap(SeleniumBase.java:906)
at com.framework.utils.Reporter.reportStep(Reporter.java:89)
at com.framework.utils.Reporter.reportStep(Reporter.java:116)
at com.framework.selenium.api.base.SeleniumBase.takeSnap(SeleniumBase.java:906)
at com.framework.utils.Reporter.reportStep(Reporter.java:89)
at com.framework.utils.Reporter.reportStep(Reporter.java:116)
at com.framework.selenium.api.base.SeleniumBase.takeSnap(SeleniumBase.java:906)
at com.framework.utils.Reporter.reportStep(Reporter.java:89)
at com.framework.utils.Reporter.reportStep(Reporter.java:116)
at com.framework.selenium.api.base.SeleniumBase.takeSnap(SeleniumBase.java:906)
at com.framework.utils.Reporter.reportStep(Reporter.java:89)
at com.framework.utils.Reporter.reportStep(Reporter.java:116)
at com.framework.selenium.api.base.SeleniumBase.takeSnap(SeleniumBase.java:906)
at com.framework.utils.Reporter.reportStep(Reporter.java:89)
at com.framework.utils.Reporter.reportStep(Reporter.java:116)
at com.framework.selenium.api.base.SeleniumBase.takeSnap(SeleniumBase.java:906)
at com.framework.utils.Reporter.reportStep(Reporter.java:89)
at com.framework.utils.Reporter.reportStep(Reporter.java:116)
at com.framework.selenium.api.base.SeleniumBase.takeSnap(SeleniumBase.java:906)
at com.framework.utils.Reporter.reportStep(Reporter.java:89)
at com.framework.utils.Reporter.reportStep(Reporter.java:116)
at com.framework.selenium.api.base.SeleniumBase.takeSnap(SeleniumBase.java:906)
at com.framework.utils.Reporter.reportStep(Reporter.java:89)
at com.framework.utils.Reporter.reportStep(Reporter.java:116)
at com.framework.selenium.api.base.SeleniumBase.takeSnap(SeleniumBase.java:906)
at com.framework.utils.Reporter.reportStep(Reporter.java:89)
at com.framework.utils.Reporter.reportStep(Reporter.java:116)
at com.framework.selenium.api.base.SeleniumBase.takeSnap(SeleniumBase.java:906)
at com.framework.utils.Reporter.reportStep(Reporter.java:89)
at com.framework.utils.Reporter.reportStep(Reporter.java:116)
at com.framework.selenium.api.base.SeleniumBase.takeSnap(SeleniumBase.java:906)
at com.framework.utils.Reporter.reportStep(Reporter.java:89)
at com.framework.utils.Reporter.reportStep(Reporter.java:116)
at com.framework.selenium.api.base.SeleniumBase.takeSnap(SeleniumBase.java:906)
at com.framework.utils.Reporter.reportStep(Reporter.java:89)
at com.framework.utils.Reporter.reportStep(Reporter.java:116)
at com.framework.selenium.api.base.SeleniumBase.takeSnap(SeleniumBase.java:906)
at com.framework.utils.Reporter.reportStep(Reporter.java:89)
at com.framework.utils.Reporter.reportStep(Reporter.java:116)
at com.framework.selenium.api.base.SeleniumBase.takeSnap(SeleniumBase.java:906)
at com.framework.utils.Reporter.reportStep(Reporter.java:89)
at com.framework.utils.Reporter.reportStep(Reporter.java:116)
at com.framework.selenium.api.base.SeleniumBase.takeSnap(SeleniumBase.java:906)
at com.framework.utils.Reporter.reportStep(Reporter.java:89)
at com.framework.utils.Reporter.reportStep(Reporter.java:116)
at com.framework.selenium.api.base.SeleniumBase.takeSnap(SeleniumBase.java:906)
at com.framework.utils.Reporter.reportStep(Reporter.java:89)
at com.framework.utils.Reporter.reportStep(Reporter.java:116)
at com.framework.selenium.api.base.SeleniumBase.takeSnap(SeleniumBase.java:906)
at com.framework.utils.Reporter.reportStep(Reporter.java:89)
at com.framework.utils.Reporter.reportStep(Reporter.java:116)
at com.framework.selenium.api.base.SeleniumBase.takeSnap(SeleniumBase.java:906)
at com.framework.utils.Reporter.reportStep(Reporter.java:89)
]]>
    </error>
  </testcase> <!-- preCondition -->
  <system-out/>
</testsuite> <!-- com.pos.testcases.EditCustomer -->
